This file contains any messages produced by compilers while
running configure, to aid debugging if configure makes a mistake.

It was created by Simple Video Viewer configure 1.0, which was
generated by GNU Autoconf 2.69.  Invocation command line was

  $ ./configure 

## --------- ##
## Platform. ##
## --------- ##

hostname = lime-ThinkPad-T450
uname -m = x86_64
uname -r = 5.13.0-51-generic
uname -s = Linux
uname -v = #58~20.04.1-Ubuntu SMP Tue Jun 14 11:29:12 UTC 2022

/usr/bin/uname -p = x86_64
/bin/uname -X     = unknown

/bin/arch              = x86_64
/usr/bin/arch -k       = unknown
/usr/convex/getsysinfo = unknown
/usr/bin/hostinfo      = unknown
/bin/machine           = unknown
/usr/bin/oslevel       = unknown
/bin/universe          = unknown

PATH: /usr/local/sbin
PATH: /usr/local/bin
PATH: /usr/sbin
PATH: /usr/bin
PATH: /sbin
PATH: /bin
PATH: /usr/games
PATH: /usr/local/games
PATH: /snap/bin


## ----------- ##
## Core tests. ##
## ----------- ##

configure:1895: checking for a BSD-compatible install
configure:1963: result: /usr/bin/install -c
configure:1974: checking whether build environment is sane
configure:2029: result: yes
configure:2178: checking for a thread-safe mkdir -p
configure:2217: result: /usr/bin/mkdir -p
configure:2224: checking for gawk
configure:2240: found /usr/bin/gawk
configure:2251: result: gawk
configure:2262: checking whether make sets $(MAKE)
configure:2284: result: yes
configure:2313: checking whether make supports nested variables
configure:2330: result: yes
configure:2505: checking for gcc
configure:2521: found /usr/bin/gcc
configure:2532: result: gcc
configure:2761: checking for C compiler version
configure:2770: gcc --version >&5
gcc (Ubuntu 9.4.0-1ubuntu1~20.04.1) 9.4.0
Copyright (C) 2019 Free Software Foundation, Inc.
This is free software; see the source for copying conditions.  There is NO
warranty; not even for MERCHANTABILITY or FITNESS FOR A PARTICULAR PURPOSE.

configure:2781: $? = 0
configure:2770: gcc -v >&5
Using built-in specs.
COLLECT_GCC=gcc
COLLECT_LTO_WRAPPER=/usr/lib/gcc/x86_64-linux-gnu/9/lto-wrapper
OFFLOAD_TARGET_NAMES=nvptx-none:hsa
OFFLOAD_TARGET_DEFAULT=1
Target: x86_64-linux-gnu
Configured with: ../src/configure -v --with-pkgversion='Ubuntu 9.4.0-1ubuntu1~20.04.1' --with-bugurl=file:///usr/share/doc/gcc-9/README.Bugs --enable-languages=c,ada,c++,go,brig,d,fortran,objc,obj-c++,gm2 --prefix=/usr --with-gcc-major-version-only --program-suffix=-9 --program-prefix=x86_64-linux-gnu- --enable-shared --enable-linker-build-id --libexecdir=/usr/lib --without-included-gettext --enable-threads=posix --libdir=/usr/lib --enable-nls --enable-clocale=gnu --enable-libstdcxx-debug --enable-libstdcxx-time=yes --with-default-libstdcxx-abi=new --enable-gnu-unique-object --disable-vtable-verify --enable-plugin --enable-default-pie --with-system-zlib --with-target-system-zlib=auto --enable-objc-gc=auto --enable-multiarch --disable-werror --with-arch-32=i686 --with-abi=m64 --with-multilib-list=m32,m64,mx32 --enable-multilib --with-tune=generic --enable-offload-targets=nvptx-none=/build/gcc-9-Av3uEd/gcc-9-9.4.0/debian/tmp-nvptx/usr,hsa --without-cuda-driver --enable-checking=release --build=x86_64-linux-gnu --host=x86_64-linux-gnu --target=x86_64-linux-gnu
Thread model: posix
gcc version 9.4.0 (Ubuntu 9.4.0-1ubuntu1~20.04.1) 
configure:2781: $? = 0
configure:2770: gcc -V >&5
gcc: error: unrecognized command line option '-V'
gcc: fatal error: no input files
compilation terminated.
configure:2781: $? = 1
configure:2770: gcc -qversion >&5
gcc: error: unrecognized command line option '-qversion'; did you mean '--version'?
gcc: fatal error: no input files
compilation terminated.
configure:2781: $? = 1
configure:2801: checking whether the C compiler works
configure:2823: gcc    conftest.c  >&5
configure:2827: $? = 0
configure:2875: result: yes
configure:2878: checking for C compiler default output file name
configure:2880: result: a.out
configure:2886: checking for suffix of executables
configure:2893: gcc -o conftest    conftest.c  >&5
configure:2897: $? = 0
configure:2919: result: 
configure:2941: checking whether we are cross compiling
configure:2949: gcc -o conftest    conftest.c  >&5
configure:2953: $? = 0
configure:2960: ./conftest
configure:2964: $? = 0
configure:2952: result: no
configure:2957: checking for suffix of object files
configure:2979: gcc -c   conftest.c >&5
configure:2983: $? = 0
configure:3004: result: o
configure:3008: checking whether we are using the GNU C compiler
configure:3027: gcc -c   conftest.c >&5
configure:3027: $? = 0
configure:3036: result: yes
configure:3045: checking whether gcc accepts -g
configure:3065: gcc -c -g  conftest.c >&5
configure:3065: $? = 0
configure:3106: result: yes
configure:3123: checking for gcc option to accept ISO C89
configure:3186: gcc  -c -g -O2  conftest.c >&5
configure:3186: $? = 0
configure:3199: result: none needed
configure:3224: checking whether gcc understands -c and -o together
configure:3246: gcc -c conftest.c -o conftest2.o
configure:3249: $? = 0
configure:3246: gcc -c conftest.c -o conftest2.o
configure:3249: $? = 0
configure:3261: result: yes
configure:3281: checking whether make supports the include directive
configure:3296: make -f confmf.GNU && cat confinc.out
this is the am__doit target
configure:3299: $? = 0
configure:3318: result: yes (GNU style)
configure:3343: checking dependency style of gcc
configure:3454: result: gcc3
configure:3525: checking for pkg-config
configure:3543: found /usr/bin/pkg-config
configure:3555: result: /usr/bin/pkg-config
configure:3580: checking pkg-config is at least version 0.9.0
configure:3583: result: yes
configure:3593: checking for LIBV4L
configure:3600: $PKG_CONFIG --exists --print-errors "libv4l2"
configure:3603: $? = 0
configure:3617: $PKG_CONFIG --exists --print-errors "libv4l2"
configure:3620: $? = 0
configure:3678: result: yes
configure:3684: checking for LIBV4LCONVERT
configure:3691: $PKG_CONFIG --exists --print-errors "libv4lconvert"
configure:3694: $? = 0
configure:3708: $PKG_CONFIG --exists --print-errors "libv4lconvert"
configure:3711: $? = 0
configure:3769: result: yes
configure:3775: checking for GLIB
configure:3782: $PKG_CONFIG --exists --print-errors "glib-2.0"
configure:3785: $? = 0
configure:3799: $PKG_CONFIG --exists --print-errors "glib-2.0"
configure:3802: $? = 0
configure:3860: result: yes
configure:3868: checking for GTK
configure:3875: $PKG_CONFIG --exists --print-errors "gtk+-2.0"
configure:3878: $? = 0
configure:3892: $PKG_CONFIG --exists --print-errors "gtk+-2.0"
configure:3895: $? = 0
configure:3935: result: yes
configure:3948: checking for CACA
configure:3955: $PKG_CONFIG --exists --print-errors "caca > 0.99"
Package caca was not found in the pkg-config search path.
Perhaps you should add the directory containing `caca.pc'
to the PKG_CONFIG_PATH environment variable
No package 'caca' found
configure:3958: $? = 1
configure:3972: $PKG_CONFIG --exists --print-errors "caca > 0.99"
Package caca was not found in the pkg-config search path.
Perhaps you should add the directory containing `caca.pc'
to the PKG_CONFIG_PATH environment variable
No package 'caca' found
configure:3975: $? = 1
configure:3989: result: no
No package 'caca' found
configure:4028: checking for WAYLAND
configure:4035: $PKG_CONFIG --exists --print-errors "wayland-client"
configure:4038: $? = 0
configure:4052: $PKG_CONFIG --exists --print-errors "wayland-client"
configure:4055: $? = 0
configure:4095: result: yes
configure:4254: checking that generated files are newer than configure
configure:4260: result: done
configure:4287: creating ./config.status

## ---------------------- ##
## Running config.status. ##
## ---------------------- ##

This file was extended by Simple Video Viewer config.status 1.0, which was
generated by GNU Autoconf 2.69.  Invocation command line was

  CONFIG_FILES    = 
  CONFIG_HEADERS  = 
  CONFIG_LINKS    = 
  CONFIG_COMMANDS = 
  $ ./config.status 

on lime-ThinkPad-T450

config.status:791: creating Makefile
config.status:963: executing depfiles commands
config.status:1040: cd .       && sed -e '/# am--include-marker/d' Makefile         | make -f - am--depfiles
make: Nothing to be done for 'am--depfiles'.
config.status:1045: $? = 0
configure:5425: result:
    Simple Video Viewer v 1.0

    Install path:             /usr/local
    Use gtk+ 2.x:             yes
    Use libcaca:              no
    Use wayland:              yes


## ---------------- ##
## Cache variables. ##
## ---------------- ##

ac_cv_c_compiler_gnu=yes
ac_cv_env_CACA_CFLAGS_set=
ac_cv_env_CACA_CFLAGS_value=
ac_cv_env_CACA_LIBS_set=
ac_cv_env_CACA_LIBS_value=
ac_cv_env_CC_set=
ac_cv_env_CC_value=
ac_cv_env_CFLAGS_set=
ac_cv_env_CFLAGS_value=
ac_cv_env_CPPFLAGS_set=
ac_cv_env_CPPFLAGS_value=
ac_cv_env_GLIB_CFLAGS_set=
ac_cv_env_GLIB_CFLAGS_value=
ac_cv_env_GLIB_LIBS_set=
ac_cv_env_GLIB_LIBS_value=
ac_cv_env_GTK_CFLAGS_set=
ac_cv_env_GTK_CFLAGS_value=
ac_cv_env_GTK_LIBS_set=
ac_cv_env_GTK_LIBS_value=
ac_cv_env_LDFLAGS_set=
ac_cv_env_LDFLAGS_value=
ac_cv_env_LIBS_set=
ac_cv_env_LIBS_value=
ac_cv_env_LIBV4LCONVERT_CFLAGS_set=
ac_cv_env_LIBV4LCONVERT_CFLAGS_value=
ac_cv_env_LIBV4LCONVERT_LIBS_set=
ac_cv_env_LIBV4LCONVERT_LIBS_value=
ac_cv_env_LIBV4L_CFLAGS_set=
ac_cv_env_LIBV4L_CFLAGS_value=
ac_cv_env_LIBV4L_LIBS_set=
ac_cv_env_LIBV4L_LIBS_value=
ac_cv_env_PKG_CONFIG_LIBDIR_set=
ac_cv_env_PKG_CONFIG_LIBDIR_value=
ac_cv_env_PKG_CONFIG_PATH_set=
ac_cv_env_PKG_CONFIG_PATH_value=
ac_cv_env_PKG_CONFIG_set=
ac_cv_env_PKG_CONFIG_value=
ac_cv_env_WAYLAND_CFLAGS_set=
ac_cv_env_WAYLAND_CFLAGS_value=
ac_cv_env_WAYLAND_LIBS_set=
ac_cv_env_WAYLAND_LIBS_value=
ac_cv_env_build_alias_set=
ac_cv_env_build_alias_value=
ac_cv_env_host_alias_set=
ac_cv_env_host_alias_value=
ac_cv_env_target_alias_set=
ac_cv_env_target_alias_value=
ac_cv_objext=o
ac_cv_path_ac_pt_PKG_CONFIG=/usr/bin/pkg-config
ac_cv_path_install='/usr/bin/install -c'
ac_cv_path_mkdir=/usr/bin/mkdir
ac_cv_prog_AWK=gawk
ac_cv_prog_ac_ct_CC=gcc
ac_cv_prog_cc_c89=
ac_cv_prog_cc_g=yes
ac_cv_prog_make_make_set=yes
am_cv_CC_dependencies_compiler_type=gcc3
am_cv_make_support_nested_variables=yes
am_cv_prog_cc_c_o=yes
pkg_cv_GLIB_CFLAGS='-I/usr/include/glib-2.0 -I/usr/lib/x86_64-linux-gnu/glib-2.0/include'
pkg_cv_GLIB_LIBS=-lglib-2.0
pkg_cv_GTK_CFLAGS='-pthread -I/usr/include/gtk-2.0 -I/usr/lib/x86_64-linux-gnu/gtk-2.0/include -I/usr/include/pango-1.0 -I/usr/include/atk-1.0 -I/usr/include/gdk-pixbuf-2.0 -I/usr/include/libmount -I/usr/include/blkid -I/usr/include/pango-1.0 -I/usr/include/fribidi -I/usr/include/cairo -I/usr/include/pixman-1 -I/usr/include/harfbuzz -I/usr/include/glib-2.0 -I/usr/lib/x86_64-linux-gnu/glib-2.0/include -I/usr/include/uuid -I/usr/include/freetype2 -I/usr/include/libpng16'
pkg_cv_GTK_LIBS='-lgtk-x11-2.0 -lgdk-x11-2.0 -lpangocairo-1.0 -latk-1.0 -lcairo -lgdk_pixbuf-2.0 -lgio-2.0 -lpangoft2-1.0 -lpango-1.0 -lgobject-2.0 -lglib-2.0 -lharfbuzz -lfontconfig -lfreetype'
pkg_cv_LIBV4LCONVERT_CFLAGS=
pkg_cv_LIBV4LCONVERT_LIBS=-lv4lconvert
pkg_cv_LIBV4L_CFLAGS=
pkg_cv_LIBV4L_LIBS=-lv4l2
pkg_cv_WAYLAND_CFLAGS=
pkg_cv_WAYLAND_LIBS=-lwayland-client

## ----------------- ##
## Output variables. ##
## ----------------- ##

ACLOCAL='${SHELL} /home/lime/Documents/Delameta_Work/source-code/C_Cam/simple-video-viewer/missing aclocal-1.16'
AMDEPBACKSLASH='\'
AMDEP_FALSE='#'
AMDEP_TRUE=''
AMTAR='$${TAR-tar}'
AM_BACKSLASH='\'
AM_DEFAULT_V='$(AM_DEFAULT_VERBOSITY)'
AM_DEFAULT_VERBOSITY='1'
AM_V='$(V)'
AUTOCONF='${SHELL} /home/lime/Documents/Delameta_Work/source-code/C_Cam/simple-video-viewer/missing autoconf'
AUTOHEADER='${SHELL} /home/lime/Documents/Delameta_Work/source-code/C_Cam/simple-video-viewer/missing autoheader'
AUTOMAKE='${SHELL} /home/lime/Documents/Delameta_Work/source-code/C_Cam/simple-video-viewer/missing automake-1.16'
AWK='gawk'
BUILD_WAYLAND_FALSE='#'
BUILD_WAYLAND_TRUE=''
CACA_CFLAGS=''
CACA_LIBS=''
CC='gcc'
CCDEPMODE='depmode=gcc3'
CFLAGS='-g -O2'
CPPFLAGS=''
CYGPATH_W='echo'
DEFS='-DPACKAGE_NAME=\"Simple\ Video\ Viewer\" -DPACKAGE_TARNAME=\"simple-video-viewer\" -DPACKAGE_VERSION=\"1.0\" -DPACKAGE_STRING=\"Simple\ Video\ Viewer\ 1.0\" -DPACKAGE_BUGREPORT=\"john.stowers@gmail.com\" -DPACKAGE_URL=\"\" -DPACKAGE=\"simple-video-viewer\" -DVERSION=\"1.0\" -DHAVE_GTK=1 -DHAVE_WAYLAND=1'
DEPDIR='.deps'
ECHO_C=''
ECHO_N='-n'
ECHO_T=''
EXEEXT=''
GLIB_CFLAGS='-I/usr/include/glib-2.0 -I/usr/lib/x86_64-linux-gnu/glib-2.0/include'
GLIB_LIBS='-lglib-2.0'
GTK_CFLAGS='-pthread -I/usr/include/gtk-2.0 -I/usr/lib/x86_64-linux-gnu/gtk-2.0/include -I/usr/include/pango-1.0 -I/usr/include/atk-1.0 -I/usr/include/gdk-pixbuf-2.0 -I/usr/include/libmount -I/usr/include/blkid -I/usr/include/pango-1.0 -I/usr/include/fribidi -I/usr/include/cairo -I/usr/include/pixman-1 -I/usr/include/harfbuzz -I/usr/include/glib-2.0 -I/usr/lib/x86_64-linux-gnu/glib-2.0/include -I/usr/include/uuid -I/usr/include/freetype2 -I/usr/include/libpng16'
GTK_LIBS='-lgtk-x11-2.0 -lgdk-x11-2.0 -lpangocairo-1.0 -latk-1.0 -lcairo -lgdk_pixbuf-2.0 -lgio-2.0 -lpangoft2-1.0 -lpango-1.0 -lgobject-2.0 -lglib-2.0 -lharfbuzz -lfontconfig -lfreetype'
INSTALL_DATA='${INSTALL} -m 644'
INSTALL_PROGRAM='${INSTALL}'
INSTALL_SCRIPT='${INSTALL}'
INSTALL_STRIP_PROGRAM='$(install_sh) -c -s'
LDFLAGS=''
LIBOBJS=''
LIBS=''
LIBV4LCONVERT_CFLAGS=''
LIBV4LCONVERT_LIBS='-lv4lconvert'
LIBV4L_CFLAGS=''
LIBV4L_LIBS='-lv4l2'
LTLIBOBJS=''
MAKEINFO='${SHELL} /home/lime/Documents/Delameta_Work/source-code/C_Cam/simple-video-viewer/missing makeinfo'
MKDIR_P='/usr/bin/mkdir -p'
OBJEXT='o'
PACKAGE='simple-video-viewer'
PACKAGE_BUGREPORT='john.stowers@gmail.com'
PACKAGE_NAME='Simple Video Viewer'
PACKAGE_STRING='Simple Video Viewer 1.0'
PACKAGE_TARNAME='simple-video-viewer'
PACKAGE_URL=''
PACKAGE_VERSION='1.0'
PATH_SEPARATOR=':'
PKG_CONFIG='/usr/bin/pkg-config'
PKG_CONFIG_LIBDIR=''
PKG_CONFIG_PATH=''
SET_MAKE=''
SHELL='/bin/bash'
STRIP=''
VERSION='1.0'
WAYLAND_CFLAGS=''
WAYLAND_LIBS='-lwayland-client'
ac_ct_CC='gcc'
am__EXEEXT_FALSE=''
am__EXEEXT_TRUE='#'
am__fastdepCC_FALSE='#'
am__fastdepCC_TRUE=''
am__include='include'
am__isrc=''
am__leading_dot='.'
am__nodep='_no'
am__quote=''
am__tar='$${TAR-tar} chof - "$$tardir"'
am__untar='$${TAR-tar} xf -'
bindir='${exec_prefix}/bin'
build_alias=''
datadir='${datarootdir}'
datarootdir='${prefix}/share'
docdir='${datarootdir}/doc/${PACKAGE_TARNAME}'
dvidir='${docdir}'
exec_prefix='${prefix}'
host_alias=''
htmldir='${docdir}'
includedir='${prefix}/include'
infodir='${datarootdir}/info'
install_sh='${SHELL} /home/lime/Documents/Delameta_Work/source-code/C_Cam/simple-video-viewer/install-sh'
libdir='${exec_prefix}/lib'
libexecdir='${exec_prefix}/libexec'
localedir='${datarootdir}/locale'
localstatedir='${prefix}/var'
mandir='${datarootdir}/man'
mkdir_p='$(MKDIR_P)'
oldincludedir='/usr/include'
pdfdir='${docdir}'
prefix='/usr/local'
program_transform_name='s,x,x,'
psdir='${docdir}'
runstatedir='${localstatedir}/run'
sbindir='${exec_prefix}/sbin'
sharedstatedir='${prefix}/com'
sysconfdir='${prefix}/etc'
target_alias=''

## ----------- ##
## confdefs.h. ##
## ----------- ##

/* confdefs.h */
#define PACKAGE_NAME "Simple Video Viewer"
#define PACKAGE_TARNAME "simple-video-viewer"
#define PACKAGE_VERSION "1.0"
#define PACKAGE_STRING "Simple Video Viewer 1.0"
#define PACKAGE_BUGREPORT "john.stowers@gmail.com"
#define PACKAGE_URL ""
#define PACKAGE "simple-video-viewer"
#define VERSION "1.0"
#define HAVE_GTK 1
#define HAVE_WAYLAND 1

configure: exit 0
